<?xml version="1.0" encoding="UTF-8"?>
<coverage generated="1636206199829" clover="3.2.0">
  <project timestamp="1636206199829" name="All files">
    <metrics statements="24" coveredstatements="0" conditionals="12" coveredconditionals="0" methods="8" coveredmethods="0" elements="44" coveredelements="0" complexity="0" loc="24" ncloc="24" packages="1" files="2" classes="2"/>
    <file name="game.jsx" path="C:\Users\1907r\Desktop\WebOdev\1030522882_BS435_WebProgramlama\odev04\src\game.jsx">
      <metrics statements="22" coveredstatements="0" conditionals="12" coveredconditionals="0" methods="7" coveredmethods="0"/>
      <line num="5" count="0" type="stmt"/>
      <line num="6" count="0" type="stmt"/>
      <line num="14" count="0" type="stmt"/>
      <line num="15" count="0" type="stmt"/>
      <line num="17" count="0" type="cond" truecount="0" falsecount="2"/>
      <line num="18" count="0" type="stmt"/>
      <line num="21" count="0" type="cond" truecount="0" falsecount="2"/>
      <line num="22" count="0" type="stmt"/>
      <line num="23" count="0" type="stmt"/>
      <line num="25" count="0" type="stmt"/>
      <line num="26" count="0" type="cond" truecount="0" falsecount="2"/>
      <line num="27" count="0" type="stmt"/>
      <line num="30" count="0" type="stmt"/>
      <line num="36" count="0" type="cond" truecount="0" falsecount="2"/>
      <line num="37" count="0" type="stmt"/>
      <line num="44" count="0" type="stmt"/>
      <line num="45" count="0" type="stmt"/>
      <line num="55" count="0" type="stmt"/>
      <line num="56" count="0" type="stmt"/>
      <line num="66" count="0" type="stmt"/>
      <line num="73" count="0" type="stmt"/>
      <line num="80" count="0" type="stmt"/>
    </file>
    <file name="index.jsx" path="C:\Users\1907r\Desktop\WebOdev\1030522882_BS435_WebProgramlama\odev04\src\index.jsx">
      <metrics statements="2" coveredstatements="0" conditionals="0" coveredconditionals="0" methods="1" coveredmethods="0"/>
      <line num="8" count="0" type="stmt"/>
      <line num="15" count="0" type="stmt"/>
    </file>
  </project>
</coverage>
