{"C:\\Users\\1907r\\Desktop\\WebOdev\\1030522882_BS435_WebProgramlama\\odev04\\src\\game.jsx": {"path":"C:\\Users\\1907r\\Desktop\\WebOdev\\1030522882_BS435_WebProgramlama\\odev04\\src\\game.jsx","statementMap":{"0":{"start":{"line":5,"column":4},"end":{"line":5,"column":17}},"1":{"start":{"line":6,"column":4},"end":{"line":12,"column":6}},"2":{"start":{"line":14,"column":12},"end":{"line":42,"column":3}},"3":{"start":{"line":15,"column":57},"end":{"line":15,"column":67}},"4":{"start":{"line":17,"column":4},"end":{"line":41,"column":5}},"5":{"start":{"line":18,"column":23},"end":{"line":18,"column":32}},"6":{"start":{"line":21,"column":6},"end":{"line":29,"column":7}},"7":{"start":{"line":22,"column":8},"end":{"line":22,"column":41}},"8":{"start":{"line":23,"column":8},"end":{"line":23,"column":32}},"9":{"start":{"line":25,"column":8},"end":{"line":25,"column":42}},"10":{"start":{"line":26,"column":8},"end":{"line":28,"column":9}},"11":{"start":{"line":27,"column":10},"end":{"line":27,"column":35}},"12":{"start":{"line":30,"column":6},"end":{"line":34,"column":9}},"13":{"start":{"line":36,"column":6},"end":{"line":40,"column":7}},"14":{"start":{"line":37,"column":8},"end":{"line":39,"column":11}},"15":{"start":{"line":44,"column":13},"end":{"line":52,"column":3}},"16":{"start":{"line":45,"column":4},"end":{"line":51,"column":7}},"17":{"start":{"line":55,"column":28},"end":{"line":55,"column":38}},"18":{"start":{"line":56,"column":4},"end":{"line":100,"column":6}},"19":{"start":{"line":66,"column":12},"end":{"line":66,"column":28}},"20":{"start":{"line":73,"column":12},"end":{"line":73,"column":28}},"21":{"start":{"line":80,"column":12},"end":{"line":80,"column":28}}},"fnMap":{"0":{"name":"(anonymous_0)","decl":{"start":{"line":4,"column":2},"end":{"line":4,"column":3}},"loc":{"start":{"line":4,"column":21},"end":{"line":13,"column":3}},"line":4},"1":{"name":"(anonymous_1)","decl":{"start":{"line":14,"column":12},"end":{"line":14,"column":13}},"loc":{"start":{"line":14,"column":23},"end":{"line":42,"column":3}},"line":14},"2":{"name":"(anonymous_2)","decl":{"start":{"line":44,"column":13},"end":{"line":44,"column":14}},"loc":{"start":{"line":44,"column":19},"end":{"line":52,"column":3}},"line":44},"3":{"name":"(anonymous_3)","decl":{"start":{"line":54,"column":2},"end":{"line":54,"column":3}},"loc":{"start":{"line":54,"column":11},"end":{"line":101,"column":3}},"line":54},"4":{"name":"(anonymous_4)","decl":{"start":{"line":65,"column":19},"end":{"line":65,"column":20}},"loc":{"start":{"line":65,"column":25},"end":{"line":67,"column":11}},"line":65},"5":{"name":"(anonymous_5)","decl":{"start":{"line":72,"column":19},"end":{"line":72,"column":20}},"loc":{"start":{"line":72,"column":25},"end":{"line":74,"column":11}},"line":72},"6":{"name":"(anonymous_6)","decl":{"start":{"line":79,"column":19},"end":{"line":79,"column":20}},"loc":{"start":{"line":79,"column":25},"end":{"line":81,"column":11}},"line":79}},"branchMap":{"0":{"loc":{"start":{"line":17,"column":4},"end":{"line":41,"column":5}},"type":"if","locations":[{"start":{"line":17,"column":4},"end":{"line":41,"column":5}},{"start":{},"end":{}}],"line":17},"1":{"loc":{"start":{"line":21,"column":6},"end":{"line":29,"column":7}},"type":"if","locations":[{"start":{"line":21,"column":6},"end":{"line":29,"column":7}},{"start":{"line":24,"column":13},"end":{"line":29,"column":7}}],"line":21},"2":{"loc":{"start":{"line":26,"column":8},"end":{"line":28,"column":9}},"type":"if","locations":[{"start":{"line":26,"column":8},"end":{"line":28,"column":9}},{"start":{},"end":{}}],"line":26},"3":{"loc":{"start":{"line":36,"column":6},"end":{"line":40,"column":7}},"type":"if","locations":[{"start":{"line":36,"column":6},"end":{"line":40,"column":7}},{"start":{},"end":{}}],"line":36},"4":{"loc":{"start":{"line":85,"column":13},"end":{"line":87,"column":71}},"type":"cond-expr","locations":[{"start":{"line":86,"column":16},"end":{"line":86,"column":21}},{"start":{"line":87,"column":16},"end":{"line":87,"column":71}}],"line":85},"5":{"loc":{"start":{"line":89,"column":11},"end":{"line":97,"column":11}},"type":"binary-expr","locations":[{"start":{"line":89,"column":11},"end":{"line":89,"column":16}},{"start":{"line":90,"column":12},"end":{"line":96,"column":16}}],"line":89}},"s":{"0":0,"1":0,"2":0,"3":0,"4":0,"5":0,"6":0,"7":0,"8":0,"9":0,"10":0,"11":0,"12":0,"13":0,"14":0,"15":0,"16":0,"17":0,"18":0,"19":0,"20":0,"21":0},"f":{"0":0,"1":0,"2":0,"3":0,"4":0,"5":0,"6":0},"b":{"0":[0,0],"1":[0,0],"2":[0,0],"3":[0,0],"4":[0,0],"5":[0,0]}}
,"C:\\Users\\1907r\\Desktop\\WebOdev\\1030522882_BS435_WebProgramlama\\odev04\\src\\index.jsx": {"path":"C:\\Users\\1907r\\Desktop\\WebOdev\\1030522882_BS435_WebProgramlama\\odev04\\src\\index.jsx","statementMap":{"0":{"start":{"line":8,"column":4},"end":{"line":12,"column":6}},"1":{"start":{"line":15,"column":0},"end":{"line":15,"column":58}}},"fnMap":{"0":{"name":"(anonymous_0)","decl":{"start":{"line":6,"column":2},"end":{"line":6,"column":3}},"loc":{"start":{"line":6,"column":11},"end":{"line":13,"column":3}},"line":6}},"branchMap":{},"s":{"0":0,"1":0},"f":{"0":0},"b":{}}
}
